TN:
SF:index.js
FN:9,(anonymous_0)
FNF:1
FNH:1
FNDA:8,(anonymous_0)
DA:3,8
DA:4,8
DA:5,8
DA:6,8
DA:7,8
DA:9,8
DA:10,8
DA:22,8
DA:23,8
DA:24,8
DA:26,8
DA:27,8
DA:29,8
DA:31,8
DA:32,0
DA:35,8
DA:36,8
DA:38,8
LF:18
LH:17
BRDA:31,0,0,0
BRDA:31,0,1,8
BRF:2
BRH:1
end_of_record
TN:
SF:lib\agent.js
FN:1,setupAgent
FN:2,findById
FN:6,createOrUpdate
FN:26,findByUui
FN:34,findAll
FN:38,findConnected
FN:46,findByUsername
FNF:7
FNH:6
FNDA:8,setupAgent
FNDA:1,findById
FNDA:2,createOrUpdate
FNDA:0,findByUui
FNDA:1,findAll
FNDA:1,findConnected
FNDA:1,findByUsername
DA:1,1
DA:3,1
DA:7,2
DA:13,2
DA:14,2
DA:16,2
DA:17,1
DA:18,1
DA:19,1
DA:22,1
DA:23,1
DA:27,0
DA:35,1
DA:39,1
DA:47,1
DA:53,8
LF:16
LH:15
BRDA:16,0,0,1
BRDA:16,0,1,1
BRDA:19,1,0,1
BRDA:19,1,1,0
BRF:4
BRH:3
end_of_record
TN:
SF:lib\db.js
FN:4,setupDatabase
FNF:1
FNH:1
FNDA:8,setupDatabase
DA:1,1
DA:2,1
DA:4,1
DA:5,8
DA:6,1
DA:8,8
LF:6
LH:6
BRDA:5,0,0,1
BRDA:5,0,1,7
BRF:2
BRH:2
end_of_record
TN:
SF:models\agent.js
FN:4,setUpAgentModel
FNF:1
FNH:0
FNDA:0,setUpAgentModel
DA:1,1
DA:2,1
DA:4,1
DA:5,0
DA:7,0
LF:5
LH:3
BRF:0
BRH:0
end_of_record
TN:
SF:models\metric.js
FN:4,setupMetricModel
FNF:1
FNH:0
FNDA:0,setupMetricModel
DA:1,1
DA:2,1
DA:4,1
DA:5,0
DA:6,0
LF:5
LH:3
BRF:0
BRH:0
end_of_record
