TN:
SF:index.js
FN:9,(anonymous_0)
FNF:1
FNH:1
FNDA:4,(anonymous_0)
DA:3,4
DA:4,4
DA:5,4
DA:6,4
DA:7,4
DA:9,4
DA:10,4
DA:22,4
DA:23,4
DA:24,4
DA:26,4
DA:27,4
DA:29,4
DA:31,4
DA:32,0
DA:35,4
DA:36,4
DA:38,4
LF:18
LH:17
BRDA:31,0,0,0
BRDA:31,0,1,4
BRF:2
BRH:1
end_of_record
TN:
SF:lib\agent.js
FN:1,setupAgent
FN:2,findById
FN:6,createOrUpdate
FNF:3
FNH:3
FNDA:4,setupAgent
FNDA:1,findById
FNDA:1,createOrUpdate
DA:1,1
DA:3,1
DA:7,1
DA:13,1
DA:14,1
DA:16,1
DA:17,1
DA:18,1
DA:19,1
DA:22,0
DA:23,0
DA:26,4
LF:12
LH:10
BRDA:16,0,0,1
BRDA:16,0,1,0
BRDA:19,1,0,1
BRDA:19,1,1,0
BRF:4
BRH:2
end_of_record
TN:
SF:lib\db.js
FN:4,setupDatabase
FNF:1
FNH:1
FNDA:4,setupDatabase
DA:1,1
DA:2,1
DA:4,1
DA:5,4
DA:6,1
DA:8,4
LF:6
LH:6
BRDA:5,0,0,1
BRDA:5,0,1,3
BRF:2
BRH:2
end_of_record
TN:
SF:models\agent.js
FN:4,setUpAgentModel
FNF:1
FNH:0
FNDA:0,setUpAgentModel
DA:1,1
DA:2,1
DA:4,1
DA:5,0
DA:7,0
LF:5
LH:3
BRF:0
BRH:0
end_of_record
TN:
SF:models\metric.js
FN:4,setupMetricModel
FNF:1
FNH:0
FNDA:0,setupMetricModel
DA:1,1
DA:2,1
DA:4,1
DA:5,0
DA:6,0
LF:5
LH:3
BRF:0
BRH:0
end_of_record
